android-studio-projects/WatchFaceRevokePermissionTest/app/build/intermediates/manifest_merge_blame_file/release/manifest-merger-blame-release-report.txt
1<?xml version="1.0" encoding="utf-8"?>
2<manifest xmlns:android="http://schemas.android.com/apk/res/android"
3    package="com.crazyj36.watchfacerevokepermissiontest"
4    android:versionCode="1"
5    android:versionName="1.0" >
6
7    <uses-sdk
8        android:minSdkVersion="26"
9        android:targetSdkVersion="34" />
10
11    <uses-feature android:name="android.hardware.type.watch" />
11-->src\main\AndroidManifest.xml:4:5-64
11-->src\main\AndroidManifest.xml:4:19-61
12
13    <uses-permission android:name="com.google.android.permission.PROVIDE_BACKGROUND" />
13-->src\main\AndroidManifest.xml:5:5-88
13-->src\main\AndroidManifest.xml:5:22-85
14    <uses-permission android:name="android.permission.WAKE_LOCK" />
14-->src\main\AndroidManifest.xml:6:5-68
14-->src\main\AndroidManifest.xml:6:22-65
15    <uses-permission android:name="com.google.android.wearable.permission.RECEIVE_COMPLICATION_DATA" />
15-->src\main\AndroidManifest.xml:7:5-104
15-->src\main\AndroidManifest.xml:7:22-101
16    <uses-permission android:name="com.google.android.wearable.permission.RECEIVE_COMPLICATION_DATA_PRIVILEGED" />
16-->src\main\AndroidManifest.xml:8:5-115
16-->src\main\AndroidManifest.xml:8:22-112
17    <uses-permission android:name="android.permission.RECEIVE_BOOT_COMPLETED" />
17-->src\main\AndroidManifest.xml:9:5-81
17-->src\main\AndroidManifest.xml:9:22-78
18    <uses-permission android:name="com.google.android.wearable.permission.BIND_WATCH_FACE_CONTROL" />
18-->[androidx.wear.watchface:watchface-client:1.2.0] AndroidManifest.xml:22:5-102
18-->[androidx.wear.watchface:watchface-client:1.2.0] AndroidManifest.xml:22:22-99
19
20    <queries>
20-->[androidx.wear.watchface:watchface:1.2.0] AndroidManifest.xml:22:5-35:15
21        <intent>
21-->[androidx.wear.watchface:watchface:1.2.0] AndroidManifest.xml:23:9-27:18
22
23            <!-- Needed to have visibility on complication data sources installed on the device. -->
24            <action android:name="android.support.wearable.complications.ACTION_COMPLICATION_UPDATE_REQUEST" />
24-->[androidx.wear.watchface:watchface:1.2.0] AndroidManifest.xml:26:13-112
24-->[androidx.wear.watchface:watchface:1.2.0] AndroidManifest.xml:26:21-109
25        </intent>
26        <intent>
26-->[androidx.wear.watchface:watchface:1.2.0] AndroidManifest.xml:28:9-34:18
27
28            <!-- Needed to have visibility on launcher items to handle app shortcuts in complications. -->
29            <action android:name="android.intent.action.MAIN" />
29-->[androidx.wear.watchface:watchface:1.2.0] AndroidManifest.xml:31:13-65
29-->[androidx.wear.watchface:watchface:1.2.0] AndroidManifest.xml:31:21-62
30
31            <category android:name="android.intent.category.LAUNCHER" />
31-->[androidx.wear.watchface:watchface:1.2.0] AndroidManifest.xml:33:13-73
31-->[androidx.wear.watchface:watchface:1.2.0] AndroidManifest.xml:33:23-70
32        </intent>
33    </queries>
34
35    <permission
35-->[androidx.core:core:1.12.0] AndroidManifest.xml:22:5-24:47
36        android:name="com.crazyj36.watchfacerevokepermissiontest.DYNAMIC_RECEIVER_NOT_EXPORTED_PERMISSION"
36-->[androidx.core:core:1.12.0] AndroidManifest.xml:23:9-81
37        android:protectionLevel="signature" />
37-->[androidx.core:core:1.12.0] AndroidManifest.xml:24:9-44
38
39    <uses-permission android:name="com.crazyj36.watchfacerevokepermissiontest.DYNAMIC_RECEIVER_NOT_EXPORTED_PERMISSION" />
39-->[androidx.core:core:1.12.0] AndroidManifest.xml:26:5-97
39-->[androidx.core:core:1.12.0] AndroidManifest.xml:26:22-94
40
41    <application
41-->src\main\AndroidManifest.xml:11:5-60:19
42        android:allowBackup="true"
42-->src\main\AndroidManifest.xml:12:9-35
43        android:appComponentFactory="androidx.core.app.CoreComponentFactory"
43-->[androidx.core:core:1.12.0] AndroidManifest.xml:28:18-86
44        android:extractNativeLibs="false"
45        android:icon="@mipmap/ic_launcher"
45-->src\main\AndroidManifest.xml:13:9-43
46        android:label="@string/app_name"
46-->src\main\AndroidManifest.xml:14:9-41
47        android:supportsRtl="true"
47-->src\main\AndroidManifest.xml:15:9-35
48        android:theme="@android:style/Theme.DeviceDefault" >
48-->src\main\AndroidManifest.xml:16:9-59
49        <meta-data
49-->src\main\AndroidManifest.xml:17:9-19:36
50            android:name="com.google.android.wearable.standalone"
50-->src\main\AndroidManifest.xml:18:13-66
51            android:value="true" />
51-->src\main\AndroidManifest.xml:19:13-33
52
53        <service
53-->src\main\AndroidManifest.xml:20:9-47:19
54            android:name="com.crazyj36.watchfacerevokepermissiontest.MyWatchFaceService"
54-->src\main\AndroidManifest.xml:21:13-47
55            android:directBootAware="true"
55-->src\main\AndroidManifest.xml:22:13-43
56            android:exported="true"
56-->src\main\AndroidManifest.xml:23:13-36
57            android:label="@string/app_name"
57-->src\main\AndroidManifest.xml:24:13-45
58            android:permission="android.permission.BIND_WALLPAPER" >
58-->src\main\AndroidManifest.xml:25:13-67
59            <intent-filter>
59-->src\main\AndroidManifest.xml:26:13-29:29
60                <action android:name="android.service.wallpaper.WallpaperService" />
60-->src\main\AndroidManifest.xml:27:17-85
60-->src\main\AndroidManifest.xml:27:25-82
61
62                <category android:name="com.google.android.wearable.watchface.category.WATCH_FACE" />
62-->src\main\AndroidManifest.xml:28:17-102
62-->src\main\AndroidManifest.xml:28:27-99
63            </intent-filter>
64
65            <meta-data
65-->src\main\AndroidManifest.xml:31:13-33:65
66                android:name="com.google.android.wearable.watchface.preview"
66-->src\main\AndroidManifest.xml:32:17-77
67                android:resource="@mipmap/watch_face_preview" />
67-->src\main\AndroidManifest.xml:33:17-62
68            <meta-data
68-->src\main\AndroidManifest.xml:34:13-36:65
69                android:name="com.google.android.wearable.watchface.preview_circular"
69-->src\main\AndroidManifest.xml:35:17-86
70                android:resource="@mipmap/watch_face_preview" />
70-->src\main\AndroidManifest.xml:36:17-62
71            <meta-data
71-->src\main\AndroidManifest.xml:37:13-39:54
72                android:name="android.service.wallpaper"
72-->src\main\AndroidManifest.xml:38:17-57
73                android:resource="@xml/watch_face" />
73-->src\main\AndroidManifest.xml:39:17-51
74            <meta-data
74-->src\main\AndroidManifest.xml:40:13-42:91
75                android:name="com.google.android.wearable.watchface.wearableConfigurationAction"
75-->src\main\AndroidManifest.xml:41:17-97
76                android:value="androidx.wear.watchface.editor.action.WATCH_FACE_EDITOR" />
76-->src\main\AndroidManifest.xml:42:17-88
77            <meta-data
77-->src\main\AndroidManifest.xml:44:13-46:40
78                android:name="com.google.android.wearable.watchface.companionBuiltinConfigurationEnabled"
78-->src\main\AndroidManifest.xml:45:17-106
79                android:value="true" />
79-->src\main\AndroidManifest.xml:46:17-37
80        </service>
81
82        <activity
82-->src\main\AndroidManifest.xml:48:9-59:20
83            android:name="com.crazyj36.watchfacerevokepermissiontest.WatchFaceConfigActivity"
83-->src\main\AndroidManifest.xml:49:13-52
84            android:excludeFromRecents="true"
84-->src\main\AndroidManifest.xml:52:13-46
85            android:exported="true"
85-->src\main\AndroidManifest.xml:50:13-36
86            android:label="@string/title_activity_watch_face_config"
86-->src\main\AndroidManifest.xml:51:13-69
87            android:noHistory="true" >
87-->src\main\AndroidManifest.xml:53:13-37
88            <intent-filter>
88-->src\main\AndroidManifest.xml:54:13-58:29
89                <action android:name="androidx.wear.watchface.editor.action.WATCH_FACE_EDITOR" />
89-->src\main\AndroidManifest.xml:55:17-98
89-->src\main\AndroidManifest.xml:55:25-95
90
91                <category android:name="com.google.android.wearable.watchface.category.WEARABLE_CONFIGURATION" />
91-->src\main\AndroidManifest.xml:56:17-114
91-->src\main\AndroidManifest.xml:56:27-111
92                <category android:name="android.intent.category.DEFAULT" />
92-->src\main\AndroidManifest.xml:57:17-76
92-->src\main\AndroidManifest.xml:57:27-73
93            </intent-filter>
94        </activity>
95
96        <uses-library
96-->[androidx.wear.watchface:watchface-complications-data:1.2.0] AndroidManifest.xml:8:9-10:40
97            android:name="com.google.android.wearable"
97-->[androidx.wear.watchface:watchface-complications-data:1.2.0] AndroidManifest.xml:9:13-55
98            android:required="false" />
98-->[androidx.wear.watchface:watchface-complications-data:1.2.0] AndroidManifest.xml:10:13-37
99
100        <service
100-->[androidx.wear.watchface:watchface:1.2.0] AndroidManifest.xml:42:9-58:19
101            android:name="androidx.wear.watchface.control.WatchFaceControlService"
101-->[androidx.wear.watchface:watchface:1.2.0] AndroidManifest.xml:43:13-83
102            android:directBootAware="true"
102-->[androidx.wear.watchface:watchface:1.2.0] AndroidManifest.xml:44:13-43
103            android:enabled="@bool/watch_face_instance_service_enabled"
103-->[androidx.wear.watchface:watchface:1.2.0] AndroidManifest.xml:45:13-72
104            android:exported="true"
104-->[androidx.wear.watchface:watchface:1.2.0] AndroidManifest.xml:46:13-36
105            android:permission="com.google.android.wearable.permission.BIND_WATCH_FACE_CONTROL" >
105-->[androidx.wear.watchface:watchface:1.2.0] AndroidManifest.xml:47:13-96
106            <meta-data
106-->[androidx.wear.watchface:watchface:1.2.0] AndroidManifest.xml:48:13-50:67
107                android:name="androidx.wear.watchface.api_version"
107-->[androidx.wear.watchface:watchface:1.2.0] AndroidManifest.xml:49:17-67
108                android:value="@integer/watch_face_api_version" />
108-->[androidx.wear.watchface:watchface:1.2.0] AndroidManifest.xml:50:17-64
109            <meta-data
109-->[androidx.wear.watchface:watchface:1.2.0] AndroidManifest.xml:51:13-53:67
110                android:name="androidx.wear.watchface.xml_version"
110-->[androidx.wear.watchface:watchface:1.2.0] AndroidManifest.xml:52:17-67
111                android:value="@integer/watch_face_xml_version" />
111-->[androidx.wear.watchface:watchface:1.2.0] AndroidManifest.xml:53:17-64
112
113            <intent-filter>
113-->[androidx.wear.watchface:watchface:1.2.0] AndroidManifest.xml:55:13-57:29
114                <action android:name="com.google.android.wearable.action.WATCH_FACE_CONTROL" />
114-->[androidx.wear.watchface:watchface:1.2.0] AndroidManifest.xml:56:17-96
114-->[androidx.wear.watchface:watchface:1.2.0] AndroidManifest.xml:56:25-93
115            </intent-filter>
116        </service>
117        <!--
118      Used to configure complications. Applications can remove this using:
119      <activity
120	  android:name="androidx.wear.watchface.ComplicationHelperActivity"
121	  tools:node="remove" />
122      in their manifest if they do not support complications and want to allow
123      R8 to remove the code associated with this activity. If the activity is
124      remove while it is needed, this may lead to a runtime exception of type
125      android.content.ActivityNotFoundException.
126        -->
127        <activity
127-->[androidx.wear.watchface:watchface:1.2.0] AndroidManifest.xml:70:9-74:75
128            android:name="androidx.wear.watchface.ComplicationHelperActivity"
128-->[androidx.wear.watchface:watchface:1.2.0] AndroidManifest.xml:71:13-78
129            android:excludeFromRecents="true"
129-->[androidx.wear.watchface:watchface:1.2.0] AndroidManifest.xml:72:13-46
130            android:exported="false"
130-->[androidx.wear.watchface:watchface:1.2.0] AndroidManifest.xml:73:13-37
131            android:theme="@android:style/Theme.Translucent.NoTitleBar" />
131-->[androidx.wear.watchface:watchface:1.2.0] AndroidManifest.xml:74:13-72
132        <activity
132-->[com.google.android.gms:play-services-base:18.0.1] AndroidManifest.xml:20:9-22:45
133            android:name="com.google.android.gms.common.api.GoogleApiActivity"
133-->[com.google.android.gms:play-services-base:18.0.1] AndroidManifest.xml:20:19-85
134            android:exported="false"
134-->[com.google.android.gms:play-services-base:18.0.1] AndroidManifest.xml:22:19-43
135            android:theme="@android:style/Theme.Translucent.NoTitleBar" />
135-->[com.google.android.gms:play-services-base:18.0.1] AndroidManifest.xml:21:19-78
136
137        <meta-data
137-->[com.google.android.gms:play-services-basement:18.0.0] AndroidManifest.xml:21:9-23:69
138            android:name="com.google.android.gms.version"
138-->[com.google.android.gms:play-services-basement:18.0.0] AndroidManifest.xml:22:13-58
139            android:value="@integer/google_play_services_version" />
139-->[com.google.android.gms:play-services-basement:18.0.0] AndroidManifest.xml:23:13-66
140
141        <provider
141-->[androidx.emoji2:emoji2:1.2.0] AndroidManifest.xml:24:9-32:20
142            android:name="androidx.startup.InitializationProvider"
142-->[androidx.emoji2:emoji2:1.2.0] AndroidManifest.xml:25:13-67
143            android:authorities="com.crazyj36.watchfacerevokepermissiontest.androidx-startup"
143-->[androidx.emoji2:emoji2:1.2.0] AndroidManifest.xml:26:13-68
144            android:exported="false" >
144-->[androidx.emoji2:emoji2:1.2.0] AndroidManifest.xml:27:13-37
145            <meta-data
145-->[androidx.emoji2:emoji2:1.2.0] AndroidManifest.xml:29:13-31:52
146                android:name="androidx.emoji2.text.EmojiCompatInitializer"
146-->[androidx.emoji2:emoji2:1.2.0] AndroidManifest.xml:30:17-75
147                android:value="androidx.startup" />
147-->[androidx.emoji2:emoji2:1.2.0] AndroidManifest.xml:31:17-49
148            <meta-data
148-->[androidx.lifecycle:lifecycle-process:2.6.1] AndroidManifest.xml:29:13-31:52
149                android:name="androidx.lifecycle.ProcessLifecycleInitializer"
149-->[androidx.lifecycle:lifecycle-process:2.6.1] AndroidManifest.xml:30:17-78
150                android:value="androidx.startup" />
150-->[androidx.lifecycle:lifecycle-process:2.6.1] AndroidManifest.xml:31:17-49
151            <meta-data
151-->[androidx.profileinstaller:profileinstaller:1.3.0] AndroidManifest.xml:29:13-31:52
152                android:name="androidx.profileinstaller.ProfileInstallerInitializer"
152-->[androidx.profileinstaller:profileinstaller:1.3.0] AndroidManifest.xml:30:17-85
153                android:value="androidx.startup" />
153-->[androidx.profileinstaller:profileinstaller:1.3.0] AndroidManifest.xml:31:17-49
154        </provider>
155
156        <receiver
156-->[androidx.profileinstaller:profileinstaller:1.3.0] AndroidManifest.xml:34:9-52:20
157            android:name="androidx.profileinstaller.ProfileInstallReceiver"
157-->[androidx.profileinstaller:profileinstaller:1.3.0] AndroidManifest.xml:35:13-76
158            android:directBootAware="false"
158-->[androidx.profileinstaller:profileinstaller:1.3.0] AndroidManifest.xml:36:13-44
159            android:enabled="true"
159-->[androidx.profileinstaller:profileinstaller:1.3.0] AndroidManifest.xml:37:13-35
160            android:exported="true"
160-->[androidx.profileinstaller:profileinstaller:1.3.0] AndroidManifest.xml:38:13-36
161            android:permission="android.permission.DUMP" >
161-->[androidx.profileinstaller:profileinstaller:1.3.0] AndroidManifest.xml:39:13-57
162            <intent-filter>
162-->[androidx.profileinstaller:profileinstaller:1.3.0] AndroidManifest.xml:40:13-42:29
163                <action android:name="androidx.profileinstaller.action.INSTALL_PROFILE" />
163-->[androidx.profileinstaller:profileinstaller:1.3.0] AndroidManifest.xml:41:17-91
163-->[androidx.profileinstaller:profileinstaller:1.3.0] AndroidManifest.xml:41:25-88
164            </intent-filter>
165            <intent-filter>
165-->[androidx.profileinstaller:profileinstaller:1.3.0] AndroidManifest.xml:43:13-45:29
166                <action android:name="androidx.profileinstaller.action.SKIP_FILE" />
166-->[androidx.profileinstaller:profileinstaller:1.3.0] AndroidManifest.xml:44:17-85
166-->[androidx.profileinstaller:profileinstaller:1.3.0] AndroidManifest.xml:44:25-82
167            </intent-filter>
168            <intent-filter>
168-->[androidx.profileinstaller:profileinstaller:1.3.0] AndroidManifest.xml:46:13-48:29
169                <action android:name="androidx.profileinstaller.action.SAVE_PROFILE" />
169-->[androidx.profileinstaller:profileinstaller:1.3.0] AndroidManifest.xml:47:17-88
169-->[androidx.profileinstaller:profileinstaller:1.3.0] AndroidManifest.xml:47:25-85
170            </intent-filter>
171            <intent-filter>
171-->[androidx.profileinstaller:profileinstaller:1.3.0] AndroidManifest.xml:49:13-51:29
172                <action android:name="androidx.profileinstaller.action.BENCHMARK_OPERATION" />
172-->[androidx.profileinstaller:profileinstaller:1.3.0] AndroidManifest.xml:50:17-95
172-->[androidx.profileinstaller:profileinstaller:1.3.0] AndroidManifest.xml:50:25-92
173            </intent-filter>
174        </receiver>
175    </application>
176
177</manifest>